<?xml version="1.0" encoding="UTF-8"?>
<!-- Generated by org.testng.reporters.JUnitReportReporter -->
<testsuite hostname="INFINITY.local" failures="0" tests="1" name="com.regiewby.testcases.TestCase" time="6.502" errors="0" timestamp="2021-07-25T14:57:55 WIB" skipped="0">
  <testcase classname="com.regiewby.testcases.TestCase" name="testCase1" time="6.502"/>
  <system-out/>
</testsuite> <!-- com.regiewby.testcases.TestCase -->
