<?xml version="1.0" encoding="UTF-8"?>
<!-- Generated by org.testng.reporters.JUnitReportReporter -->
<testsuite hostname="INFINITY.local" failures="0" tests="3" name="com.regiewby.testcases.TestCase" time="19.071" errors="0" timestamp="2021-08-04T22:16:39 WIB" skipped="0">
  <testcase classname="com.regiewby.testcases.TestCase" name="testLogin" time="5.169"/>
  <system-out/>
  <testcase classname="com.regiewby.testcases.TestCase" name="testLogin" time="6.662"/>
  <system-out/>
  <testcase classname="com.regiewby.testcases.TestCase" name="testShopping" time="7.240"/>
  <system-out/>
</testsuite> <!-- com.regiewby.testcases.TestCase -->
